This file contains any messages produced by compilers while
running configure, to aid debugging if configure makes a mistake.

It was created by itk configure 3.4, which was
generated by GNU Autoconf 2.59.  Invocation command line was

  $ /home/almamgr/ACS_javarias/ExtProd/PRODUCTS/tcltk/Linux-3.2.0-4-amd64/itcl-2011-08-08/itk/configure --prefix=/alma/ACS-2014.4/tcltk --prefix=/alma/ACS-2014.4/tcltk --enable-shared --enable-gcc --enable-threads --srcdir=/home/almamgr/ACS_javarias/ExtProd/PRODUCTS/tcltk/Linux-3.2.0-4-amd64/itcl-2011-08-08 --cache-file=/dev/null --srcdir=/home/almamgr/ACS_javarias/ExtProd/PRODUCTS/tcltk/Linux-3.2.0-4-amd64/itcl-2011-08-08/itk

## --------- ##
## Platform. ##
## --------- ##

hostname = ariestest
uname -m = x86_64
uname -r = 3.2.0-4-amd64
uname -s = Linux
uname -v = #1 SMP Debian 3.2.60-1+deb7u1

/usr/bin/uname -p = unknown
/bin/uname -X     = unknown

/bin/arch              = unknown
/usr/bin/arch -k       = unknown
/usr/convex/getsysinfo = unknown
hostinfo               = unknown
/bin/machine           = unknown
/usr/bin/oslevel       = unknown
/bin/universe          = unknown

PATH: /alma/ACS-2014.4/ACSSW/bin
PATH: /usr/lib/jvm/java-7-openjdk-amd64/bin
PATH: /usr/share/ant/bin
PATH: /alma/ACS-2014.4/JacORB/bin
PATH: /alma/ACS-2014.4/Python/bin
PATH: /alma/ACS-2014.4/Python/omni/bin
PATH: /alma/ACS-2014.4/tcltk/bin
PATH: /usr/bin
PATH: /usr/local/bin
PATH: /usr/bin
PATH: /bin
PATH: /usr/local/games
PATH: /usr/games


## ----------- ##
## Core tests. ##
## ----------- ##

configure:1336: checking for correct TEA configuration
configure:1355: result: ok (TEA 3.9)
configure:1439: checking whether ln -s works
configure:1443: result: yes
configure:1506: checking for Tcl configuration
configure:1633: result: found /home/almamgr/ACS_javarias/ExtProd/PRODUCTS/tcltk/Linux-3.2.0-4-amd64/tcl8.5.15/unix/tclConfig.sh
configure:1639: checking for existence of /home/almamgr/ACS_javarias/ExtProd/PRODUCTS/tcltk/Linux-3.2.0-4-amd64/tcl8.5.15/unix/tclConfig.sh
configure:1643: result: loading
configure:1770: checking for Tk configuration
configure:1897: result: found /home/almamgr/ACS_javarias/ExtProd/PRODUCTS/tcltk/Linux-3.2.0-4-amd64/tk8.5.15/unix/tkConfig.sh
configure:1903: checking for existence of /home/almamgr/ACS_javarias/ExtProd/PRODUCTS/tcltk/Linux-3.2.0-4-amd64/tk8.5.15/unix/tkConfig.sh
configure:1907: result: loading
configure:2010: checking for itcl configuration
configure:2099: result: found /home/almamgr/ACS_javarias/ExtProd/PRODUCTS/tcltk/Linux-3.2.0-4-amd64/itcl-2011-08-08/itcl/itclConfig.sh
configure:2105: checking for existence of /home/almamgr/ACS_javarias/ExtProd/PRODUCTS/tcltk/Linux-3.2.0-4-amd64/itcl-2011-08-08/itcl/itclConfig.sh
configure:2109: result: loading
configure:2127: WARNING: Found Makefile - using build library specs for itcl
configure:2196: checking For itcl_STUB library for LIBS
configure:2229: result: using itcl_STUB_LIB_SPEC -L/home/almamgr/ACS_javarias/ExtProd/PRODUCTS/tcltk/Linux-3.2.0-4-amd64/itcl-2011-08-08/itcl -litclstub3.4
configure:2267: --exec-prefix defaulting to TCL_EXEC_PREFIX /alma/ACS-2014.4/tcltk
configure:2341: checking for gcc
configure:2357: found /usr/bin/gcc
configure:2367: result: gcc
configure:2611: checking for C compiler version
configure:2614: gcc --version </dev/null >&5
gcc (Debian 4.7.2-5) 4.7.2
Copyright (C) 2012 Free Software Foundation, Inc.
This is free software; see the source for copying conditions.  There is NO
warranty; not even for MERCHANTABILITY or FITNESS FOR A PARTICULAR PURPOSE.

configure:2617: $? = 0
configure:2619: gcc -v </dev/null >&5
Using built-in specs.
COLLECT_GCC=gcc
COLLECT_LTO_WRAPPER=/usr/lib/gcc/x86_64-linux-gnu/4.7/lto-wrapper
Target: x86_64-linux-gnu
Configured with: ../src/configure -v --with-pkgversion='Debian 4.7.2-5' --with-bugurl=file:///usr/share/doc/gcc-4.7/README.Bugs --enable-languages=c,c++,go,fortran,objc,obj-c++ --prefix=/usr --program-suffix=-4.7 --enable-shared --enable-linker-build-id --with-system-zlib --libexecdir=/usr/lib --without-included-gettext --enable-threads=posix --with-gxx-include-dir=/usr/include/c++/4.7 --libdir=/usr/lib --enable-nls --with-sysroot=/ --enable-clocale=gnu --enable-libstdcxx-debug --enable-libstdcxx-time=yes --enable-gnu-unique-object --enable-plugin --enable-objc-gc --with-arch-32=i586 --with-tune=generic --enable-checking=release --build=x86_64-linux-gnu --host=x86_64-linux-gnu --target=x86_64-linux-gnu
Thread model: posix
gcc version 4.7.2 (Debian 4.7.2-5) 
configure:2622: $? = 0
configure:2624: gcc -V </dev/null >&5
gcc: error: unrecognized command line option '-V'
gcc: fatal error: no input files
compilation terminated.
configure:2627: $? = 4
configure:2650: checking for C compiler default output file name
configure:2653: gcc    conftest.c  >&5
configure:2656: $? = 0
configure:2702: result: a.out
configure:2707: checking whether the C compiler works
configure:2713: ./a.out
configure:2716: $? = 0
configure:2733: result: yes
configure:2740: checking whether we are cross compiling
configure:2742: result: no
configure:2745: checking for suffix of executables
configure:2747: gcc -o conftest    conftest.c  >&5
configure:2750: $? = 0
configure:2775: result: 
configure:2781: checking for suffix of object files
configure:2802: gcc -c   conftest.c >&5
configure:2805: $? = 0
configure:2827: result: o
configure:2831: checking whether we are using the GNU C compiler
configure:2855: gcc -c   conftest.c >&5
configure:2861: $? = 0
configure:2865: test -z 
			 || test ! -s conftest.err
configure:2868: $? = 0
configure:2871: test -s conftest.o
configure:2874: $? = 0
configure:2887: result: yes
configure:2893: checking whether gcc accepts -g
configure:2914: gcc -c -g  conftest.c >&5
configure:2920: $? = 0
configure:2924: test -z 
			 || test ! -s conftest.err
configure:2927: $? = 0
configure:2930: test -s conftest.o
configure:2933: $? = 0
configure:2944: result: yes
configure:2961: checking for gcc option to accept ANSI C
configure:3031: gcc  -c   conftest.c >&5
configure:3037: $? = 0
configure:3041: test -z 
			 || test ! -s conftest.err
configure:3044: $? = 0
configure:3047: test -s conftest.o
configure:3050: $? = 0
configure:3068: result: none needed
configure:3086: gcc -c   conftest.c >&5
conftest.c:2:3: error: unknown type name 'choke'
conftest.c:2:3: error: expected '=', ',', ';', 'asm' or '__attribute__' at end of input
configure:3092: $? = 1
configure: failed program was:
| #ifndef __cplusplus
|   choke me
| #endif
configure:3230: checking how to run the C preprocessor
configure:3265: gcc -E  conftest.c
configure:3271: $? = 0
configure:3303: gcc -E  conftest.c
conftest.c:9:28: fatal error: ac_nonexistent.h: No such file or directory
compilation terminated.
configure:3309: $? = 1
configure: failed program was:
| /* confdefs.h.  */
| 
| #define PACKAGE_NAME "itk"
| #define PACKAGE_TARNAME "itk"
| #define PACKAGE_VERSION "3.4"
| #define PACKAGE_STRING "itk 3.4"
| #define PACKAGE_BUGREPORT ""
| /* end confdefs.h.  */
| #include <ac_nonexistent.h>
configure:3348: result: gcc -E
configure:3372: gcc -E  conftest.c
configure:3378: $? = 0
configure:3410: gcc -E  conftest.c
conftest.c:9:28: fatal error: ac_nonexistent.h: No such file or directory
compilation terminated.
configure:3416: $? = 1
configure: failed program was:
| /* confdefs.h.  */
| 
| #define PACKAGE_NAME "itk"
| #define PACKAGE_TARNAME "itk"
| #define PACKAGE_VERSION "3.4"
| #define PACKAGE_STRING "itk 3.4"
| #define PACKAGE_BUGREPORT ""
| /* end confdefs.h.  */
| #include <ac_nonexistent.h>
configure:3473: checking for a BSD-compatible install
configure:3528: result: /usr/bin/install -c
configure:3544: checking whether make sets $(MAKE)
configure:3564: result: yes
configure:3619: checking for ranlib
configure:3635: found /usr/bin/ranlib
configure:3646: result: ranlib
configure:3668: checking for egrep
configure:3678: result: grep -E
configure:3683: checking for ANSI C header files
configure:3708: gcc -c   conftest.c >&5
configure:3714: $? = 0
configure:3718: test -z 
			 || test ! -s conftest.err
configure:3721: $? = 0
configure:3724: test -s conftest.o
configure:3727: $? = 0
configure:3816: gcc -o conftest    conftest.c  >&5
conftest.c: In function 'main':
conftest.c:26:7: warning: incompatible implicit declaration of built-in function 'exit' [enabled by default]
configure:3819: $? = 0
configure:3821: ./conftest
configure:3824: $? = 0
configure:3839: result: yes
configure:3863: checking for sys/types.h
configure:3879: gcc -c   conftest.c >&5
configure:3885: $? = 0
configure:3889: test -z 
			 || test ! -s conftest.err
configure:3892: $? = 0
configure:3895: test -s conftest.o
configure:3898: $? = 0
configure:3909: result: yes
configure:3863: checking for sys/stat.h
configure:3879: gcc -c   conftest.c >&5
configure:3885: $? = 0
configure:3889: test -z 
			 || test ! -s conftest.err
configure:3892: $? = 0
configure:3895: test -s conftest.o
configure:3898: $? = 0
configure:3909: result: yes
configure:3863: checking for stdlib.h
configure:3879: gcc -c   conftest.c >&5
configure:3885: $? = 0
configure:3889: test -z 
			 || test ! -s conftest.err
configure:3892: $? = 0
configure:3895: test -s conftest.o
configure:3898: $? = 0
configure:3909: result: yes
configure:3863: checking for string.h
configure:3879: gcc -c   conftest.c >&5
configure:3885: $? = 0
configure:3889: test -z 
			 || test ! -s conftest.err
configure:3892: $? = 0
configure:3895: test -s conftest.o
configure:3898: $? = 0
configure:3909: result: yes
configure:3863: checking for memory.h
configure:3879: gcc -c   conftest.c >&5
configure:3885: $? = 0
configure:3889: test -z 
			 || test ! -s conftest.err
configure:3892: $? = 0
configure:3895: test -s conftest.o
configure:3898: $? = 0
configure:3909: result: yes
configure:3863: checking for strings.h
configure:3879: gcc -c   conftest.c >&5
configure:3885: $? = 0
configure:3889: test -z 
			 || test ! -s conftest.err
configure:3892: $? = 0
configure:3895: test -s conftest.o
configure:3898: $? = 0
configure:3909: result: yes
configure:3863: checking for inttypes.h
configure:3879: gcc -c   conftest.c >&5
configure:3885: $? = 0
configure:3889: test -z 
			 || test ! -s conftest.err
configure:3892: $? = 0
configure:3895: test -s conftest.o
configure:3898: $? = 0
configure:3909: result: yes
configure:3863: checking for stdint.h
configure:3879: gcc -c   conftest.c >&5
configure:3885: $? = 0
configure:3889: test -z 
			 || test ! -s conftest.err
configure:3892: $? = 0
configure:3895: test -s conftest.o
configure:3898: $? = 0
configure:3909: result: yes
configure:3863: checking for unistd.h
configure:3879: gcc -c   conftest.c >&5
configure:3885: $? = 0
configure:3889: test -z 
			 || test ! -s conftest.err
configure:3892: $? = 0
configure:3895: test -s conftest.o
configure:3898: $? = 0
configure:3909: result: yes
configure:3931: checking if the compiler understands -pipe
configure:3954: gcc -c  -pipe  conftest.c >&5
configure:3960: $? = 0
configure:3964: test -z 
			 || test ! -s conftest.err
configure:3967: $? = 0
configure:3970: test -s conftest.o
configure:3973: $? = 0
configure:3985: result: yes
configure:3996: checking whether byte ordering is bigendian
configure:4023: gcc -c  -pipe  conftest.c >&5
configure:4029: $? = 0
configure:4033: test -z 
			 || test ! -s conftest.err
configure:4036: $? = 0
configure:4039: test -s conftest.o
configure:4042: $? = 0
configure:4066: gcc -c  -pipe  conftest.c >&5
conftest.c: In function 'main':
conftest.c:26:2: error: unknown type name 'not'
conftest.c:26:10: error: expected '=', ',', ';', 'asm' or '__attribute__' before 'endian'
configure:4072: $? = 1
configure: failed program was:
| /* confdefs.h.  */
| 
| #define PACKAGE_NAME "itk"
| #define PACKAGE_TARNAME "itk"
| #define PACKAGE_VERSION "3.4"
| #define PACKAGE_STRING "itk 3.4"
| #define PACKAGE_BUGREPORT ""
| #define STDC_HEADERS 1
| #define HAVE_SYS_TYPES_H 1
| #define HAVE_SYS_STAT_H 1
| #define HAVE_STDLIB_H 1
| #define HAVE_STRING_H 1
| #define HAVE_MEMORY_H 1
| #define HAVE_STRINGS_H 1
| #define HAVE_INTTYPES_H 1
| #define HAVE_STDINT_H 1
| #define HAVE_UNISTD_H 1
| /* end confdefs.h.  */
| #include <sys/types.h>
| #include <sys/param.h>
| 
| int
| main ()
| {
| #if BYTE_ORDER != BIG_ENDIAN
|  not big endian
| #endif
| 
|   ;
|   return 0;
| }
configure:4207: result: no
configure:4235: checking for sin
configure:4292: gcc -o conftest  -pipe   conftest.c  >&5
conftest.c:43:6: warning: conflicting types for built-in function 'sin' [enabled by default]
/tmp/ccSIV9FH.o: In function `main':
conftest.c:(.text+0xd): undefined reference to `sin'
/tmp/ccSIV9FH.o:(.data+0x0): undefined reference to `sin'
collect2: error: ld returned 1 exit status
configure:4298: $? = 1
configure: failed program was:
| /* confdefs.h.  */
| 
| #define PACKAGE_NAME "itk"
| #define PACKAGE_TARNAME "itk"
| #define PACKAGE_VERSION "3.4"
| #define PACKAGE_STRING "itk 3.4"
| #define PACKAGE_BUGREPORT ""
| #define STDC_HEADERS 1
| #define HAVE_SYS_TYPES_H 1
| #define HAVE_SYS_STAT_H 1
| #define HAVE_STDLIB_H 1
| #define HAVE_STRING_H 1
| #define HAVE_MEMORY_H 1
| #define HAVE_STRINGS_H 1
| #define HAVE_INTTYPES_H 1
| #define HAVE_STDINT_H 1
| #define HAVE_UNISTD_H 1
| /* end confdefs.h.  */
| /* Define sin to an innocuous variant, in case <limits.h> declares sin.
|    For example, HP-UX 11i <limits.h> declares gettimeofday.  */
| #define sin innocuous_sin
| 
| /* System header to define __stub macros and hopefully few prototypes,
|     which can conflict with char sin (); below.
|     Prefer <limits.h> to <assert.h> if __STDC__ is defined, since
|     <limits.h> exists even on freestanding compilers.  */
| 
| #ifdef __STDC__
| # include <limits.h>
| #else
| # include <assert.h>
| #endif
| 
| #undef sin
| 
| /* Override any gcc2 internal prototype to avoid an error.  */
| #ifdef __cplusplus
| extern "C"
| {
| #endif
| /* We use char because int might match the return type of a gcc2
|    builtin and then its argument prototype would still apply.  */
| char sin ();
| /* The GNU C library defines this for functions which it implements
|     to always fail with ENOSYS.  Some functions are actually named
|     something starting with __ and the normal name is an alias.  */
| #if defined (__stub_sin) || defined (__stub___sin)
| choke me
| #else
| char (*f) () = sin;
| #endif
| #ifdef __cplusplus
| }
| #endif
| 
| int
| main ()
| {
| return f != sin;
|   ;
|   return 0;
| }
configure:4323: result: no
configure:4331: checking for main in -lieee
configure:4355: gcc -o conftest  -pipe   conftest.c -lieee   >&5
configure:4361: $? = 0
configure:4365: test -z 
			 || test ! -s conftest.err
configure:4368: $? = 0
configure:4371: test -s conftest
configure:4374: $? = 0
configure:4387: result: yes
configure:4399: checking for main in -linet
configure:4423: gcc -o conftest  -pipe   conftest.c -linet   >&5
/usr/bin/ld: cannot find -linet
collect2: error: ld returned 1 exit status
configure:4429: $? = 1
configure: failed program was:
| /* confdefs.h.  */
| 
| #define PACKAGE_NAME "itk"
| #define PACKAGE_TARNAME "itk"
| #define PACKAGE_VERSION "3.4"
| #define PACKAGE_STRING "itk 3.4"
| #define PACKAGE_BUGREPORT ""
| #define STDC_HEADERS 1
| #define HAVE_SYS_TYPES_H 1
| #define HAVE_SYS_STAT_H 1
| #define HAVE_STDLIB_H 1
| #define HAVE_STRING_H 1
| #define HAVE_MEMORY_H 1
| #define HAVE_STRINGS_H 1
| #define HAVE_INTTYPES_H 1
| #define HAVE_STDINT_H 1
| #define HAVE_UNISTD_H 1
| /* end confdefs.h.  */
| 
| 
| int
| main ()
| {
| main ();
|   ;
|   return 0;
| }
configure:4455: result: no
configure:4471: checking net/errno.h usability
configure:4483: gcc -c  -pipe  conftest.c >&5
conftest.c:53:23: fatal error: net/errno.h: No such file or directory
compilation terminated.
configure:4489: $? = 1
configure: failed program was:
| /* confdefs.h.  */
| 
| #define PACKAGE_NAME "itk"
| #define PACKAGE_TARNAME "itk"
| #define PACKAGE_VERSION "3.4"
| #define PACKAGE_STRING "itk 3.4"
| #define PACKAGE_BUGREPORT ""
| #define STDC_HEADERS 1
| #define HAVE_SYS_TYPES_H 1
| #define HAVE_SYS_STAT_H 1
| #define HAVE_STDLIB_H 1
| #define HAVE_STRING_H 1
| #define HAVE_MEMORY_H 1
| #define HAVE_STRINGS_H 1
| #define HAVE_INTTYPES_H 1
| #define HAVE_STDINT_H 1
| #define HAVE_UNISTD_H 1
| /* end confdefs.h.  */
| #include <stdio.h>
| #if HAVE_SYS_TYPES_H
| # include <sys/types.h>
| #endif
| #if HAVE_SYS_STAT_H
| # include <sys/stat.h>
| #endif
| #if STDC_HEADERS
| # include <stdlib.h>
| # include <stddef.h>
| #else
| # if HAVE_STDLIB_H
| #  include <stdlib.h>
| # endif
| #endif
| #if HAVE_STRING_H
| # if !STDC_HEADERS && HAVE_MEMORY_H
| #  include <memory.h>
| # endif
| # include <string.h>
| #endif
| #if HAVE_STRINGS_H
| # include <strings.h>
| #endif
| #if HAVE_INTTYPES_H
| # include <inttypes.h>
| #else
| # if HAVE_STDINT_H
| #  include <stdint.h>
| # endif
| #endif
| #if HAVE_UNISTD_H
| # include <unistd.h>
| #endif
| #include <net/errno.h>
configure:4512: result: no
configure:4516: checking net/errno.h presence
configure:4526: gcc -E  conftest.c
conftest.c:19:23: fatal error: net/errno.h: No such file or directory
compilation terminated.
configure:4532: $? = 1
configure: failed program was:
| /* confdefs.h.  */
| 
| #define PACKAGE_NAME "itk"
| #define PACKAGE_TARNAME "itk"
| #define PACKAGE_VERSION "3.4"
| #define PACKAGE_STRING "itk 3.4"
| #define PACKAGE_BUGREPORT ""
| #define STDC_HEADERS 1
| #define HAVE_SYS_TYPES_H 1
| #define HAVE_SYS_STAT_H 1
| #define HAVE_STDLIB_H 1
| #define HAVE_STRING_H 1
| #define HAVE_MEMORY_H 1
| #define HAVE_STRINGS_H 1
| #define HAVE_INTTYPES_H 1
| #define HAVE_STDINT_H 1
| #define HAVE_UNISTD_H 1
| /* end confdefs.h.  */
| #include <net/errno.h>
configure:4552: result: no
configure:4587: checking for net/errno.h
configure:4594: result: no
configure:4628: checking for connect
configure:4685: gcc -o conftest  -pipe   conftest.c  >&5
configure:4691: $? = 0
configure:4695: test -z 
			 || test ! -s conftest.err
configure:4698: $? = 0
configure:4701: test -s conftest
configure:4704: $? = 0
configure:4716: result: yes
configure:4991: checking for gethostbyname
configure:5048: gcc -o conftest  -pipe   conftest.c  >&5
configure:5054: $? = 0
configure:5058: test -z 
			 || test ! -s conftest.err
configure:5061: $? = 0
configure:5064: test -s conftest
configure:5067: $? = 0
configure:5079: result: yes
configure:5163: checking dirent.h
configure:5204: gcc -o conftest  -pipe   conftest.c  >&5
configure:5210: $? = 0
configure:5214: test -z 
			 || test ! -s conftest.err
configure:5217: $? = 0
configure:5220: test -s conftest
configure:5223: $? = 0
configure:5235: result: yes
configure:5257: checking errno.h usability
configure:5269: gcc -c  -pipe  conftest.c >&5
configure:5275: $? = 0
configure:5279: test -z 
			 || test ! -s conftest.err
configure:5282: $? = 0
configure:5285: test -s conftest.o
configure:5288: $? = 0
configure:5298: result: yes
configure:5302: checking errno.h presence
configure:5312: gcc -E  conftest.c
configure:5318: $? = 0
configure:5338: result: yes
configure:5373: checking for errno.h
configure:5380: result: yes
configure:5405: checking float.h usability
configure:5417: gcc -c  -pipe  conftest.c >&5
configure:5423: $? = 0
configure:5427: test -z 
			 || test ! -s conftest.err
configure:5430: $? = 0
configure:5433: test -s conftest.o
configure:5436: $? = 0
configure:5446: result: yes
configure:5450: checking float.h presence
configure:5460: gcc -E  conftest.c
configure:5466: $? = 0
configure:5486: result: yes
configure:5521: checking for float.h
configure:5528: result: yes
configure:5553: checking values.h usability
configure:5565: gcc -c  -pipe  conftest.c >&5
configure:5571: $? = 0
configure:5575: test -z 
			 || test ! -s conftest.err
configure:5578: $? = 0
configure:5581: test -s conftest.o
configure:5584: $? = 0
configure:5594: result: yes
configure:5598: checking values.h presence
configure:5608: gcc -E  conftest.c
configure:5614: $? = 0
configure:5634: result: yes
configure:5669: checking for values.h
configure:5676: result: yes
configure:5701: checking limits.h usability
configure:5713: gcc -c  -pipe  conftest.c >&5
configure:5719: $? = 0
configure:5723: test -z 
			 || test ! -s conftest.err
configure:5726: $? = 0
configure:5729: test -s conftest.o
configure:5732: $? = 0
configure:5742: result: yes
configure:5746: checking limits.h presence
configure:5756: gcc -E  conftest.c
configure:5762: $? = 0
configure:5782: result: yes
configure:5817: checking for limits.h
configure:5824: result: yes
configure:5844: checking for stdlib.h
configure:5849: result: yes
configure:6046: checking for string.h
configure:6051: result: yes
configure:6245: checking sys/wait.h usability
configure:6257: gcc -c  -pipe  conftest.c >&5
configure:6263: $? = 0
configure:6267: test -z 
			 || test ! -s conftest.err
configure:6270: $? = 0
configure:6273: test -s conftest.o
configure:6276: $? = 0
configure:6286: result: yes
configure:6290: checking sys/wait.h presence
configure:6300: gcc -E  conftest.c
configure:6306: $? = 0
configure:6326: result: yes
configure:6361: checking for sys/wait.h
configure:6368: result: yes
configure:6393: checking dlfcn.h usability
configure:6405: gcc -c  -pipe  conftest.c >&5
configure:6411: $? = 0
configure:6415: test -z 
			 || test ! -s conftest.err
configure:6418: $? = 0
configure:6421: test -s conftest.o
configure:6424: $? = 0
configure:6434: result: yes
configure:6438: checking dlfcn.h presence
configure:6448: gcc -E  conftest.c
configure:6454: $? = 0
configure:6474: result: yes
configure:6509: checking for dlfcn.h
configure:6516: result: yes
configure:6547: checking sys/param.h usability
configure:6559: gcc -c  -pipe  conftest.c >&5
configure:6565: $? = 0
configure:6569: test -z 
			 || test ! -s conftest.err
configure:6572: $? = 0
configure:6575: test -s conftest.o
configure:6578: $? = 0
configure:6588: result: yes
configure:6592: checking sys/param.h presence
configure:6602: gcc -E  conftest.c
configure:6608: $? = 0
configure:6628: result: yes
configure:6663: checking for sys/param.h
configure:6670: result: yes
configure:6859: checking for Tcl public headers
configure:6934: result: /home/almamgr/ACS_javarias/ExtProd/PRODUCTS/tcltk/Linux-3.2.0-4-amd64/tcl8.5.15/generic
configure:6949: checking for Tcl private include files
configure:7003: result: Using srcdir found in tclConfig.sh: /home/almamgr/ACS_javarias/ExtProd/PRODUCTS/tcltk/Linux-3.2.0-4-amd64/tcl8.5.15
configure:7009: checking for Tk public headers
configure:7087: result: /home/almamgr/ACS_javarias/ExtProd/PRODUCTS/tcltk/Linux-3.2.0-4-amd64/tk8.5.15/generic
configure:7115: checking for Tk private include files
configure:7181: result: Using srcdir found in tkConfig.sh: /home/almamgr/ACS_javarias/ExtProd/PRODUCTS/tcltk/Linux-3.2.0-4-amd64/tk8.5.15
configure:7192: checking for X
configure:7297: gcc -E  conftest.c
configure:7303: $? = 0
configure:7353: gcc -o conftest  -pipe   conftest.c -lXt  >&5
configure:7359: $? = 0
configure:7363: test -z 
			 || test ! -s conftest.err
configure:7366: $? = 0
configure:7369: test -s conftest
configure:7372: $? = 0
configure:7422: result: libraries , headers 
configure:7437: gcc -E  conftest.c
conftest.c:21:28: fatal error: X11/XIntrinsic.h: No such file or directory
compilation terminated.
configure:7443: $? = 1
configure: failed program was:
| /* confdefs.h.  */
| 
| #define PACKAGE_NAME "itk"
| #define PACKAGE_TARNAME "itk"
| #define PACKAGE_VERSION "3.4"
| #define PACKAGE_STRING "itk 3.4"
| #define PACKAGE_BUGREPORT ""
| #define STDC_HEADERS 1
| #define HAVE_SYS_TYPES_H 1
| #define HAVE_SYS_STAT_H 1
| #define HAVE_STDLIB_H 1
| #define HAVE_STRING_H 1
| #define HAVE_MEMORY_H 1
| #define HAVE_STRINGS_H 1
| #define HAVE_INTTYPES_H 1
| #define HAVE_STDINT_H 1
| #define HAVE_UNISTD_H 1
| #define HAVE_LIMITS_H 1
| #define HAVE_SYS_PARAM_H 1
| /* end confdefs.h.  */
| #include <X11/XIntrinsic.h>
configure:7470: checking for X11 header files
configure:7481: gcc -E  conftest.c
configure:7487: $? = 0
configure:7658: checking how to build libraries
configure:7676: result: shared
configure:7703: checking if 64bit support is requested
configure:7712: result: no
configure:7717: checking if 64bit Sparc VIS support is requested
configure:7726: result: no
configure:7737: checking if compiler supports visibility "hidden"
configure:7762: gcc -o conftest  -pipe -Werror   conftest.c  >&5
configure:7768: $? = 0
configure:7772: test -z 
			 || test ! -s conftest.err
configure:7775: $? = 0
configure:7778: test -s conftest
configure:7781: $? = 0
configure:7794: result: yes
configure:7809: checking if rpath support is requested
configure:7818: result: yes
configure:7844: checking system version
configure:7867: result: Linux-3.2.0-4-amd64
configure:7906: checking for ar
configure:7922: found /usr/bin/ar
configure:7932: result: ar
configure:9766: checking for required early compiler flags
configure:9789: gcc -c  -pipe  conftest.c >&5
configure:9795: $? = 0
configure:9799: test -z 
			 || test ! -s conftest.err
configure:9802: $? = 0
configure:9805: test -s conftest.o
configure:9808: $? = 0
configure:9894: gcc -c  -pipe  conftest.c >&5
conftest.c: In function 'main':
conftest.c:27:15: error: storage size of 'buf' isn't known
configure:9900: $? = 1
configure: failed program was:
| /* confdefs.h.  */
| 
| #define PACKAGE_NAME "itk"
| #define PACKAGE_TARNAME "itk"
| #define PACKAGE_VERSION "3.4"
| #define PACKAGE_STRING "itk 3.4"
| #define PACKAGE_BUGREPORT ""
| #define STDC_HEADERS 1
| #define HAVE_SYS_TYPES_H 1
| #define HAVE_SYS_STAT_H 1
| #define HAVE_STDLIB_H 1
| #define HAVE_STRING_H 1
| #define HAVE_MEMORY_H 1
| #define HAVE_STRINGS_H 1
| #define HAVE_INTTYPES_H 1
| #define HAVE_STDINT_H 1
| #define HAVE_UNISTD_H 1
| #define HAVE_LIMITS_H 1
| #define HAVE_SYS_PARAM_H 1
| #define TCL_THREADS 1
| #define MODULE_SCOPE extern __attribute__((__visibility__("hidden")))
| /* end confdefs.h.  */
| #include <sys/stat.h>
| int
| main ()
| {
| struct stat64 buf; int i = stat64("/", &buf);
|   ;
|   return 0;
| }
configure:9937: gcc -c  -pipe  conftest.c >&5
configure:9943: $? = 0
configure:9947: test -z 
			 || test ! -s conftest.err
configure:9950: $? = 0
configure:9953: test -s conftest.o
configure:9956: $? = 0
configure:9999: gcc -c  -pipe  conftest.c >&5
conftest.c: In function 'main':
conftest.c:28:19: error: 'open64' undeclared (first use in this function)
conftest.c:28:19: note: each undeclared identifier is reported only once for each function it appears in
configure:10005: $? = 1
configure: failed program was:
| /* confdefs.h.  */
| 
| #define PACKAGE_NAME "itk"
| #define PACKAGE_TARNAME "itk"
| #define PACKAGE_VERSION "3.4"
| #define PACKAGE_STRING "itk 3.4"
| #define PACKAGE_BUGREPORT ""
| #define STDC_HEADERS 1
| #define HAVE_SYS_TYPES_H 1
| #define HAVE_SYS_STAT_H 1
| #define HAVE_STDLIB_H 1
| #define HAVE_STRING_H 1
| #define HAVE_MEMORY_H 1
| #define HAVE_STRINGS_H 1
| #define HAVE_INTTYPES_H 1
| #define HAVE_STDINT_H 1
| #define HAVE_UNISTD_H 1
| #define HAVE_LIMITS_H 1
| #define HAVE_SYS_PARAM_H 1
| #define TCL_THREADS 1
| #define MODULE_SCOPE extern __attribute__((__visibility__("hidden")))
| #define _LARGEFILE64_SOURCE 1
| /* end confdefs.h.  */
| #include <sys/stat.h>
| int
| main ()
| {
| char *p = (char *)open64;
|   ;
|   return 0;
| }
configure:10042: gcc -c  -pipe  conftest.c >&5
conftest.c: In function 'main':
conftest.c:29:19: error: 'open64' undeclared (first use in this function)
conftest.c:29:19: note: each undeclared identifier is reported only once for each function it appears in
configure:10048: $? = 1
configure: failed program was:
| /* confdefs.h.  */
| 
| #define PACKAGE_NAME "itk"
| #define PACKAGE_TARNAME "itk"
| #define PACKAGE_VERSION "3.4"
| #define PACKAGE_STRING "itk 3.4"
| #define PACKAGE_BUGREPORT ""
| #define STDC_HEADERS 1
| #define HAVE_SYS_TYPES_H 1
| #define HAVE_SYS_STAT_H 1
| #define HAVE_STDLIB_H 1
| #define HAVE_STRING_H 1
| #define HAVE_MEMORY_H 1
| #define HAVE_STRINGS_H 1
| #define HAVE_INTTYPES_H 1
| #define HAVE_STDINT_H 1
| #define HAVE_UNISTD_H 1
| #define HAVE_LIMITS_H 1
| #define HAVE_SYS_PARAM_H 1
| #define TCL_THREADS 1
| #define MODULE_SCOPE extern __attribute__((__visibility__("hidden")))
| #define _LARGEFILE64_SOURCE 1
| /* end confdefs.h.  */
| #define _LARGEFILE_SOURCE64 1
| #include <sys/stat.h>
| int
| main ()
| {
| char *p = (char *)open64;
|   ;
|   return 0;
| }
configure:10088: result:  _LARGEFILE64_SOURCE
configure:10093: checking for 64-bit integer type
configure:10117: gcc -c  -pipe  conftest.c >&5
conftest.c: In function 'main':
conftest.c:28:1: error: unknown type name '__int64'
conftest.c:28:18: error: '__int64' undeclared (first use in this function)
conftest.c:28:18: note: each undeclared identifier is reported only once for each function it appears in
conftest.c:28:27: error: expected ',' or ';' before numeric constant
configure:10123: $? = 1
configure: failed program was:
| /* confdefs.h.  */
| 
| #define PACKAGE_NAME "itk"
| #define PACKAGE_TARNAME "itk"
| #define PACKAGE_VERSION "3.4"
| #define PACKAGE_STRING "itk 3.4"
| #define PACKAGE_BUGREPORT ""
| #define STDC_HEADERS 1
| #define HAVE_SYS_TYPES_H 1
| #define HAVE_SYS_STAT_H 1
| #define HAVE_STDLIB_H 1
| #define HAVE_STRING_H 1
| #define HAVE_MEMORY_H 1
| #define HAVE_STRINGS_H 1
| #define HAVE_INTTYPES_H 1
| #define HAVE_STDINT_H 1
| #define HAVE_UNISTD_H 1
| #define HAVE_LIMITS_H 1
| #define HAVE_SYS_PARAM_H 1
| #define TCL_THREADS 1
| #define MODULE_SCOPE extern __attribute__((__visibility__("hidden")))
| #define _LARGEFILE64_SOURCE 1
| /* end confdefs.h.  */
| 
| int
| main ()
| {
| __int64 value = (__int64) 0;
|   ;
|   return 0;
| }
configure:10167: gcc -c  -pipe  conftest.c >&5
conftest.c: In function 'main':
conftest.c:29:21: error: duplicate case value
conftest.c:29:13: error: previously used here
configure:10173: $? = 1
configure: failed program was:
| /* confdefs.h.  */
| 
| #define PACKAGE_NAME "itk"
| #define PACKAGE_TARNAME "itk"
| #define PACKAGE_VERSION "3.4"
| #define PACKAGE_STRING "itk 3.4"
| #define PACKAGE_BUGREPORT ""
| #define STDC_HEADERS 1
| #define HAVE_SYS_TYPES_H 1
| #define HAVE_SYS_STAT_H 1
| #define HAVE_STDLIB_H 1
| #define HAVE_STRING_H 1
| #define HAVE_MEMORY_H 1
| #define HAVE_STRINGS_H 1
| #define HAVE_INTTYPES_H 1
| #define HAVE_STDINT_H 1
| #define HAVE_UNISTD_H 1
| #define HAVE_LIMITS_H 1
| #define HAVE_SYS_PARAM_H 1
| #define TCL_THREADS 1
| #define MODULE_SCOPE extern __attribute__((__visibility__("hidden")))
| #define _LARGEFILE64_SOURCE 1
| /* end confdefs.h.  */
| 
| int
| main ()
| {
| switch (0) {
|             case 1: case (sizeof(long long)==sizeof(long)): ;
|         }
|   ;
|   return 0;
| }
configure:10203: result: using long
configure:10529: checking for build with symbols
configure:10542: result: no
configure:10699: checking for tclsh
configure:10726: result: /home/almamgr/ACS_javarias/ExtProd/PRODUCTS/tcltk/Linux-3.2.0-4-amd64/tcl8.5.15/unix/tclsh
configure:10731: checking for wish
configure:10758: result: /home/almamgr/ACS_javarias/ExtProd/PRODUCTS/tcltk/Linux-3.2.0-4-amd64/tk8.5.15/unix/wish
configure:10895: creating ./config.status

## ---------------------- ##
## Running config.status. ##
## ---------------------- ##

This file was extended by itk config.status 3.4, which was
generated by GNU Autoconf 2.59.  Invocation command line was

  CONFIG_FILES    = 
  CONFIG_HEADERS  = 
  CONFIG_LINKS    = 
  CONFIG_COMMANDS = 
  $ ./config.status 

on ariestest

config.status:724: creating Makefile
config.status:724: creating pkgIndex.tcl
config.status:724: creating itkConfig.sh

## ---------------- ##
## Cache variables. ##
## ---------------- ##

ac_cv_c_bigendian=no
ac_cv_c_compiler_gnu=yes
ac_cv_c_itclconfig=/home/almamgr/ACS_javarias/ExtProd/PRODUCTS/tcltk/Linux-3.2.0-4-amd64/itcl-2011-08-08/itcl
ac_cv_c_tclconfig=/home/almamgr/ACS_javarias/ExtProd/PRODUCTS/tcltk/Linux-3.2.0-4-amd64/tcl8.5.15/unix
ac_cv_c_tclh=/home/almamgr/ACS_javarias/ExtProd/PRODUCTS/tcltk/Linux-3.2.0-4-amd64/tcl8.5.15/generic
ac_cv_c_tkconfig=/home/almamgr/ACS_javarias/ExtProd/PRODUCTS/tcltk/Linux-3.2.0-4-amd64/tk8.5.15/unix
ac_cv_c_tkh=/home/almamgr/ACS_javarias/ExtProd/PRODUCTS/tcltk/Linux-3.2.0-4-amd64/tk8.5.15/generic
ac_cv_env_CC_set=
ac_cv_env_CC_value=
ac_cv_env_CFLAGS_set=
ac_cv_env_CFLAGS_value=
ac_cv_env_CPPFLAGS_set=
ac_cv_env_CPPFLAGS_value=
ac_cv_env_CPP_set=
ac_cv_env_CPP_value=
ac_cv_env_LDFLAGS_set=
ac_cv_env_LDFLAGS_value=
ac_cv_env_build_alias_set=
ac_cv_env_build_alias_value=
ac_cv_env_host_alias_set=
ac_cv_env_host_alias_value=
ac_cv_env_target_alias_set=
ac_cv_env_target_alias_value=
ac_cv_exeext=
ac_cv_func_connect=yes
ac_cv_func_gethostbyname=yes
ac_cv_func_sin=no
ac_cv_have_x='have_x=yes 		ac_x_includes= ac_x_libraries='
ac_cv_header_dlfcn_h=yes
ac_cv_header_errno_h=yes
ac_cv_header_float_h=yes
ac_cv_header_inttypes_h=yes
ac_cv_header_limits_h=yes
ac_cv_header_memory_h=yes
ac_cv_header_net_errno_h=no
ac_cv_header_stdc=yes
ac_cv_header_stdint_h=yes
ac_cv_header_stdlib_h=yes
ac_cv_header_string_h=yes
ac_cv_header_strings_h=yes
ac_cv_header_sys_param_h=yes
ac_cv_header_sys_stat_h=yes
ac_cv_header_sys_types_h=yes
ac_cv_header_sys_wait_h=yes
ac_cv_header_unistd_h=yes
ac_cv_header_values_h=yes
ac_cv_lib_ieee_main=yes
ac_cv_lib_inet_main=no
ac_cv_objext=o
ac_cv_path_install='/usr/bin/install -c'
ac_cv_prog_AR=ar
ac_cv_prog_CPP='gcc -E'
ac_cv_prog_ac_ct_CC=gcc
ac_cv_prog_ac_ct_RANLIB=ranlib
ac_cv_prog_cc_g=yes
ac_cv_prog_cc_stdc=
ac_cv_prog_egrep='grep -E'
ac_cv_prog_make_make_set=yes
tcl_cv_cc_pipe=yes
tcl_cv_cc_visibility_hidden=yes
tcl_cv_dirent_h=yes
tcl_cv_flag__isoc99_source=no
tcl_cv_flag__largefile64_source=yes
tcl_cv_flag__largefile_source64=no
tcl_cv_sys_version=Linux-3.2.0-4-amd64
tcl_cv_type_64bit=none

## ----------------- ##
## Output variables. ##
## ----------------- ##

AR='ar'
CC='gcc'
CELIB_DIR=''
CFLAGS=' -pipe ${CFLAGS_DEFAULT} ${CFLAGS_WARNING} ${SHLIB_CFLAGS} '
CFLAGS_DEBUG='-g'
CFLAGS_DEFAULT='-O2 -fomit-frame-pointer'
CFLAGS_OPTIMIZE='-O2 -fomit-frame-pointer'
CFLAGS_WARNING='-Wall'
CLEANFILES=''
CONFIG_CLEAN_FILES='tclconfig'
CPP='gcc -E'
CPPFLAGS=''
CYGPATH='echo'
DEFS='-DPACKAGE_NAME=\"itk\" -DPACKAGE_TARNAME=\"itk\" -DPACKAGE_VERSION=\"3.4\" -DPACKAGE_STRING=\"itk\ 3.4\" -DPACKAGE_BUGREPORT=\"\" -DSTDC_HEADERS=1 -DHAVE_SYS_TYPES_H=1 -DHAVE_SYS_STAT_H=1 -DHAVE_STDLIB_H=1 -DHAVE_STRING_H=1 -DHAVE_MEMORY_H=1 -DHAVE_STRINGS_H=1 -DHAVE_INTTYPES_H=1 -DHAVE_STDINT_H=1 -DHAVE_UNISTD_H=1 -DHAVE_LIMITS_H=1 -DHAVE_SYS_PARAM_H=1 -DTCL_THREADS=1 -DMODULE_SCOPE=extern\ __attribute__\(\(__visibility__\(\"hidden\"\)\)\) -D_LARGEFILE64_SOURCE=1 -DTCL_WIDE_INT_IS_LONG=1 -DUSE_TCL_STUBS=1 -DUSE_TK_STUBS=1 -DUSE_ITCL_STUBS=1 '
ECHO_C=''
ECHO_N='-n'
ECHO_T=''
EGREP='grep -E'
EXEEXT=''
INSTALL_DATA='${INSTALL} -m 644'
INSTALL_PROGRAM='${INSTALL}'
INSTALL_SCRIPT='${INSTALL}'
LDFLAGS=' -Wl,--export-dynamic '
LDFLAGS_DEFAULT=' -Wl,--export-dynamic '
LD_LIBRARY_PATH_VAR='LD_LIBRARY_PATH'
LIBOBJS=''
LIBS=''
LN_S='ln -s'
LTLIBOBJS=''
MAKE_LIB='${SHLIB_LD} -o $@ $(PKG_OBJECTS) ${SHLIB_LD_LIBS} '
MAKE_SHARED_LIB='${SHLIB_LD} -o $@ $(PKG_OBJECTS) ${SHLIB_LD_LIBS}'
MAKE_STATIC_LIB='${STLIB_LD} $@ $(PKG_OBJECTS)'
MAKE_STUB_LIB='${STLIB_LD} $@ $(PKG_STUB_OBJECTS)'
MATH_LIBS='-lieee -lm'
OBJEXT='o'
PACKAGE_BUGREPORT=''
PACKAGE_NAME='itk'
PACKAGE_STRING='itk 3.4'
PACKAGE_TARNAME='itk'
PACKAGE_VERSION='3.4'
PATH_SEPARATOR=':'
PKG_CFLAGS=' '
PKG_HEADERS=' generic/itk.h generic/itkDecls.h'
PKG_INCLUDES=' -I"/home/almamgr/ACS_javarias/ExtProd/PRODUCTS/tcltk/Linux-3.2.0-4-amd64/itcl-2011-08-08/itcl/generic" -I"/home/almamgr/ACS_javarias/ExtProd/PRODUCTS/tcltk/Linux-3.2.0-4-amd64/itcl-2011-08-08/itk/generic"'
PKG_LIBS=' -L/home/almamgr/ACS_javarias/ExtProd/PRODUCTS/tcltk/Linux-3.2.0-4-amd64/itcl-2011-08-08/itcl -litclstub3.4 -lX11'
PKG_LIB_FILE='libitk3.4.so'
PKG_OBJECTS=' itk_cmds.o itk_option.o itk_archetype.o itk_util.o itkStubInit.o'
PKG_SOURCES=' itk_cmds.c itk_option.c itk_archetype.c itk_util.c itkStubInit.c'
PKG_STUB_LIB_FILE='libitkstub3.4.a'
PKG_STUB_OBJECTS=''
PKG_STUB_SOURCES=''
PKG_TCL_SOURCES=' library/Archetype.itk library/Toplevel.itk library/Widget.itk library/itk.tcl library/tclIndex'
RANLIB=':'
RANLIB_STUB='ranlib'
SET_MAKE=''
SHARED_BUILD='1'
SHELL='/bin/sh'
SHLIB_CFLAGS='-fPIC'
SHLIB_LD='${CC} -shared ${CFLAGS} ${LDFLAGS_DEFAULT}'
SHLIB_LD_LIBS='${LIBS} -L/home/almamgr/ACS_javarias/ExtProd/PRODUCTS/tcltk/Linux-3.2.0-4-amd64/tcl8.5.15/unix -ltclstub8.5 -L/home/almamgr/ACS_javarias/ExtProd/PRODUCTS/tcltk/Linux-3.2.0-4-amd64/tk8.5.15/unix -ltkstub8.5'
STLIB_LD='${AR} cr'
TCLSH_PROG='/home/almamgr/ACS_javarias/ExtProd/PRODUCTS/tcltk/Linux-3.2.0-4-amd64/tcl8.5.15/unix/tclsh'
TCL_BIN_DIR='/home/almamgr/ACS_javarias/ExtProd/PRODUCTS/tcltk/Linux-3.2.0-4-amd64/tcl8.5.15/unix'
TCL_DBGX=''
TCL_DEFS='-DPACKAGE_NAME=\"tcl\" -DPACKAGE_TARNAME=\"tcl\" -DPACKAGE_VERSION=\"8.5\" -DPACKAGE_STRING=\"tcl\ 8.5\" -DPACKAGE_BUGREPORT=\"\" -DSTDC_HEADERS=1 -DHAVE_SYS_TYPES_H=1 -DHAVE_SYS_STAT_H=1 -DHAVE_STDLIB_H=1 -DHAVE_STRING_H=1 -DHAVE_MEMORY_H=1 -DHAVE_STRINGS_H=1 -DHAVE_INTTYPES_H=1 -DHAVE_STDINT_H=1 -DHAVE_UNISTD_H=1 -DHAVE_LIMITS_H=1 -DHAVE_SYS_PARAM_H=1 -DUSE_THREAD_ALLOC=1 -D_REENTRANT=1 -D_THREAD_SAFE=1 -DHAVE_PTHREAD_ATTR_SETSTACKSIZE=1 -DHAVE_PTHREAD_ATFORK=1 -DHAVE_PTHREAD_GETATTR_NP=1 -DGETATTRNP_NOT_DECLARED=1 -DTCL_THREADS=1 -DTCL_CFGVAL_ENCODING=\"iso8859-1\" -DMODULE_SCOPE=extern\ __attribute__\(\(__visibility__\(\"hidden\"\)\)\) -DHAVE_CAST_TO_UNION=1 -DTCL_SHLIB_EXT=\".so\" -DNDEBUG=1 -DTCL_CFG_OPTIMIZED=1 -DTCL_TOMMATH=1 -DMP_PREC=4 -D_LARGEFILE64_SOURCE=1 -DTCL_WIDE_INT_IS_LONG=1 -DHAVE_GETCWD=1 -DHAVE_OPENDIR=1 -DHAVE_STRTOL=1 -DHAVE_WAITPID=1 -DHAVE_GETADDRINFO=1 -DHAVE_GETPWUID_R_5=1 -DHAVE_GETPWUID_R=1 -DHAVE_GETPWNAM_R_5=1 -DHAVE_GETPWNAM_R=1 -DHAVE_GETGRGID_R_5=1 -DHAVE_GETGRGID_R=1 -DHAVE_GETGRNAM_R_5=1 -DHAVE_GETGRNAM_R=1 -DHAVE_GETHOSTBYNAME_R_6=1 -DHAVE_GETHOSTBYNAME_R=1 -DHAVE_GETHOSTBYADDR_R_8=1 -DHAVE_GETHOSTBYADDR_R=1 -DUSE_TERMIOS=1 -DHAVE_SYS_TIME_H=1 -DTIME_WITH_SYS_TIME=1 -DHAVE_GMTIME_R=1 -DHAVE_LOCALTIME_R=1 -DHAVE_MKTIME=1 -DHAVE_TM_GMTOFF=1 -DHAVE_TIMEZONE_VAR=1 -DHAVE_STRUCT_STAT_ST_BLOCKS=1 -DHAVE_STRUCT_STAT_ST_BLKSIZE=1 -DHAVE_BLKCNT_T=1 -DHAVE_INTPTR_T=1 -DHAVE_UINTPTR_T=1 -DHAVE_SIGNED_CHAR=1 -DHAVE_LANGINFO=1 -DHAVE_SYS_IOCTL_H=1 -DTCL_UNLOAD_DLLS=1 -DHAVE_CPUID=1 '
TCL_EXTRA_CFLAGS=' -pipe '
TCL_INCLUDES='-I"/home/almamgr/ACS_javarias/ExtProd/PRODUCTS/tcltk/Linux-3.2.0-4-amd64/tcl8.5.15/generic" -I"/home/almamgr/ACS_javarias/ExtProd/PRODUCTS/tcltk/Linux-3.2.0-4-amd64/tcl8.5.15/unix"'
TCL_LD_FLAGS=' -Wl,--export-dynamic '
TCL_LIBS='${DL_LIBS} ${LIBS} ${MATH_LIBS}'
TCL_LIB_FILE='libtcl8.5.so'
TCL_LIB_FLAG='-ltcl8.5'
TCL_LIB_SPEC='-L/home/almamgr/ACS_javarias/ExtProd/PRODUCTS/tcltk/Linux-3.2.0-4-amd64/tcl8.5.15/unix -ltcl8.5'
TCL_PATCH_LEVEL='.15'
TCL_SHLIB_LD_LIBS='${LIBS}'
TCL_SRC_DIR='/home/almamgr/ACS_javarias/ExtProd/PRODUCTS/tcltk/Linux-3.2.0-4-amd64/tcl8.5.15'
TCL_STUB_LIB_FILE='libtclstub8.5.a'
TCL_STUB_LIB_FLAG='-ltclstub8.5'
TCL_STUB_LIB_SPEC='-L/home/almamgr/ACS_javarias/ExtProd/PRODUCTS/tcltk/Linux-3.2.0-4-amd64/tcl8.5.15/unix -ltclstub8.5'
TCL_TOP_DIR_NATIVE='"/home/almamgr/ACS_javarias/ExtProd/PRODUCTS/tcltk/Linux-3.2.0-4-amd64/tcl8.5.15"'
TCL_VERSION='8.5'
TK_BIN_DIR='/home/almamgr/ACS_javarias/ExtProd/PRODUCTS/tcltk/Linux-3.2.0-4-amd64/tk8.5.15/unix'
TK_INCLUDES='-I"/home/almamgr/ACS_javarias/ExtProd/PRODUCTS/tcltk/Linux-3.2.0-4-amd64/tk8.5.15/generic" -I"/home/almamgr/ACS_javarias/ExtProd/PRODUCTS/tcltk/Linux-3.2.0-4-amd64/tk8.5.15/unix" -I"/home/almamgr/ACS_javarias/ExtProd/PRODUCTS/tcltk/Linux-3.2.0-4-amd64/tk8.5.15/generic/ttk"'
TK_LIBS='-lX11   -lpthread -ldl  -lpthread -lieee -lm'
TK_LIB_FILE='libtk8.5.so'
TK_LIB_FLAG='-ltk8.5'
TK_LIB_SPEC='-L/home/almamgr/ACS_javarias/ExtProd/PRODUCTS/tcltk/Linux-3.2.0-4-amd64/tk8.5.15/unix -ltk8.5'
TK_SRC_DIR='/home/almamgr/ACS_javarias/ExtProd/PRODUCTS/tcltk/Linux-3.2.0-4-amd64/tk8.5.15'
TK_STUB_LIB_FILE='libtkstub8.5.a'
TK_STUB_LIB_FLAG='-ltkstub8.5'
TK_STUB_LIB_SPEC='-L/home/almamgr/ACS_javarias/ExtProd/PRODUCTS/tcltk/Linux-3.2.0-4-amd64/tk8.5.15/unix -ltkstub8.5'
TK_TOP_DIR_NATIVE='"/home/almamgr/ACS_javarias/ExtProd/PRODUCTS/tcltk/Linux-3.2.0-4-amd64/tk8.5.15"'
TK_VERSION='8.5'
TK_XINCLUDES=''
TK_XLIB_DIR_NATIVE='"/home/almamgr/ACS_javarias/ExtProd/PRODUCTS/tcltk/Linux-3.2.0-4-amd64/tk8.5.15/xlib"'
WISH_PROG='/home/almamgr/ACS_javarias/ExtProd/PRODUCTS/tcltk/Linux-3.2.0-4-amd64/tk8.5.15/unix/wish'
ac_ct_CC='gcc'
ac_ct_RANLIB='ranlib'
bindir='${exec_prefix}/bin'
build_alias=''
datadir='${prefix}/share'
exec_prefix='/alma/ACS-2014.4/tcltk'
host_alias=''
includedir='${prefix}/include'
infodir='${prefix}/info'
itcl_BIN_DIR='/home/almamgr/ACS_javarias/ExtProd/PRODUCTS/tcltk/Linux-3.2.0-4-amd64/itcl-2011-08-08/itcl'
itcl_LIB_FILE='libitcl3.4.so'
itcl_LIB_SPEC='-L/home/almamgr/ACS_javarias/ExtProd/PRODUCTS/tcltk/Linux-3.2.0-4-amd64/itcl-2011-08-08/itcl -litcl3.4'
itcl_SRC_DIR='/home/almamgr/ACS_javarias/ExtProd/PRODUCTS/tcltk/Linux-3.2.0-4-amd64/itcl-2011-08-08/itcl'
itcl_STUB_LIB_FILE='libitclstub3.4.a'
itcl_STUB_LIB_PATH='/home/almamgr/ACS_javarias/ExtProd/PRODUCTS/tcltk/Linux-3.2.0-4-amd64/itcl-2011-08-08/itcl/libitclstub3.4.a'
itcl_STUB_LIB_SPEC='-L/home/almamgr/ACS_javarias/ExtProd/PRODUCTS/tcltk/Linux-3.2.0-4-amd64/itcl-2011-08-08/itcl -litclstub3.4'
itcl_VERSION='3.4'
itk_LIB_FILE=''
itkstub_LIB_FILE=''
libdir='${exec_prefix}/lib'
libexecdir='${exec_prefix}/libexec'
localstatedir='${prefix}/var'
mandir='${prefix}/man'
oldincludedir='/usr/include'
prefix='/alma/ACS-2014.4/tcltk'
program_transform_name='s,x,x,'
sbindir='${exec_prefix}/sbin'
sharedstatedir='${prefix}/com'
sysconfdir='${prefix}/etc'
target_alias=''

## ----------- ##
## confdefs.h. ##
## ----------- ##

#define HAVE_INTTYPES_H 1
#define HAVE_LIMITS_H 1
#define HAVE_MEMORY_H 1
#define HAVE_STDINT_H 1
#define HAVE_STDLIB_H 1
#define HAVE_STRINGS_H 1
#define HAVE_STRING_H 1
#define HAVE_SYS_PARAM_H 1
#define HAVE_SYS_STAT_H 1
#define HAVE_SYS_TYPES_H 1
#define HAVE_UNISTD_H 1
#define MODULE_SCOPE extern __attribute__((__visibility__("hidden")))
#define PACKAGE_BUGREPORT ""
#define PACKAGE_NAME "itk"
#define PACKAGE_STRING "itk 3.4"
#define PACKAGE_TARNAME "itk"
#define PACKAGE_VERSION "3.4"
#define STDC_HEADERS 1
#define TCL_THREADS 1
#define TCL_WIDE_INT_IS_LONG 1
#define USE_ITCL_STUBS 1
#define USE_TCL_STUBS 1
#define USE_TK_STUBS 1
#define _LARGEFILE64_SOURCE 1

configure: exit 0
